To honour the JVM settings for this build a single-use Daemon process will be forked. For more on this, please refer to https://docs.gradle.org/8.14.3/userguide/gradle_daemon.html#sec:disabling_the_daemon in the Gradle documentation.
Daemon will be stopped at the end of the build 
> Task :checkKotlinGradlePluginConfigurationErrors
> Task :compileKotlin UP-TO-DATE
> Task :compileJava NO-SOURCE
> Task :processResources UP-TO-DATE
> Task :classes UP-TO-DATE
> Task :resolveMainClassName UP-TO-DATE

> Task :bootRun

  .   ____          _            __ _ _
 /\\ / ___'_ __ _ _(_)_ __  __ _ \ \ \ \
( ( )\___ | '_ | '_| | '_ \/ _` | \ \ \ \
 \\/  ___)| |_)| | | | | || (_| |  ) ) ) )
  '  |____| .__|_| |_|_| |_\__, | / / / /
 =========|_|==============|___/=/_/_/_/
 :: Spring Boot ::                (v3.2.3)

2025-07-13T02:06:46.004+01:00  INFO 204222 --- [ProductApp] [           main] c.e.productapp.ProductAppApplicationKt   : Starting ProductAppApplicationKt using Java 21.0.7 with PID 204222 (/media/chrome/Games/_Projects/ProductApp/build/classes/kotlin/main started by chrome in /media/chrome/Games/_Projects/ProductApp)
2025-07-13T02:06:46.005+01:00  INFO 204222 --- [ProductApp] [           main] c.e.productapp.ProductAppApplicationKt   : No active profile set, falling back to 1 default profile: "default"
2025-07-13T02:06:46.299+01:00  INFO 204222 --- [ProductApp] [           main] .s.d.r.c.RepositoryConfigurationDelegate : Multiple Spring Data modules found, entering strict repository configuration mode
2025-07-13T02:06:46.300+01:00  INFO 204222 --- [ProductApp] [           main] .s.d.r.c.RepositoryConfigurationDelegate : Bootstrapping Spring Data JDBC repositories in DEFAULT mode.
2025-07-13T02:06:46.315+01:00  INFO 204222 --- [ProductApp] [           main] .RepositoryConfigurationExtensionSupport : Spring Data JDBC - Could not safely identify store assignment for repository candidate interface com.example.productapp.repository.ProductRepository; If you want this repository to be a JDBC repository, consider annotating your entities with one of these annotations: org.springframework.data.relational.core.mapping.Table.
2025-07-13T02:06:46.316+01:00  INFO 204222 --- [ProductApp] [           main] .s.d.r.c.RepositoryConfigurationDelegate : Finished Spring Data repository scanning in 13 ms. Found 0 JDBC repository interfaces.
2025-07-13T02:06:46.321+01:00  INFO 204222 --- [ProductApp] [           main] .s.d.r.c.RepositoryConfigurationDelegate : Multiple Spring Data modules found, entering strict repository configuration mode
2025-07-13T02:06:46.321+01:00  INFO 204222 --- [ProductApp] [           main] .s.d.r.c.RepositoryConfigurationDelegate : Bootstrapping Spring Data JPA repositories in DEFAULT mode.
2025-07-13T02:06:46.332+01:00  INFO 204222 --- [ProductApp] [           main] .s.d.r.c.RepositoryConfigurationDelegate : Finished Spring Data repository scanning in 9 ms. Found 1 JPA repository interface.
2025-07-13T02:06:46.571+01:00  INFO 204222 --- [ProductApp] [           main] o.s.b.w.embedded.tomcat.TomcatWebServer  : Tomcat initialized with port 8080 (http)
2025-07-13T02:06:46.578+01:00  INFO 204222 --- [ProductApp] [           main] o.apache.catalina.core.StandardService   : Starting service [Tomcat]
2025-07-13T02:06:46.578+01:00  INFO 204222 --- [ProductApp] [           main] o.apache.catalina.core.StandardEngine    : Starting Servlet engine: [Apache Tomcat/10.1.19]
2025-07-13T02:06:46.601+01:00  INFO 204222 --- [ProductApp] [           main] o.a.c.c.C.[Tomcat].[localhost].[/]       : Initializing Spring embedded WebApplicationContext
2025-07-13T02:06:46.601+01:00  INFO 204222 --- [ProductApp] [           main] w.s.c.ServletWebServerApplicationContext : Root WebApplicationContext: initialization completed in 569 ms
2025-07-13T02:06:46.653+01:00  INFO 204222 --- [ProductApp] [           main] com.zaxxer.hikari.HikariDataSource       : HikariPool-1 - Starting...
2025-07-13T02:06:46.802+01:00  INFO 204222 --- [ProductApp] [           main] com.zaxxer.hikari.pool.HikariPool        : HikariPool-1 - Added connection org.postgresql.jdbc.PgConnection@623e0631
2025-07-13T02:06:46.803+01:00  INFO 204222 --- [ProductApp] [           main] com.zaxxer.hikari.HikariDataSource       : HikariPool-1 - Start completed.
2025-07-13T02:06:46.834+01:00  INFO 204222 --- [ProductApp] [           main] o.f.c.internal.license.VersionPrinter    : Flyway Community Edition 9.22.3 by Redgate
2025-07-13T02:06:46.835+01:00  INFO 204222 --- [ProductApp] [           main] o.f.c.internal.license.VersionPrinter    : See release notes here: https://rd.gt/416ObMi
2025-07-13T02:06:46.835+01:00  INFO 204222 --- [ProductApp] [           main] o.f.c.internal.license.VersionPrinter    : 
2025-07-13T02:06:46.841+01:00  INFO 204222 --- [ProductApp] [           main] org.flywaydb.core.FlywayExecutor         : Database: jdbc:postgresql://localhost:5432/productsdb (PostgreSQL 16.9)
2025-07-13T02:06:46.844+01:00  WARN 204222 --- [ProductApp] [           main] o.f.c.internal.database.base.Database    : Flyway upgrade recommended: PostgreSQL 16.9 is newer than this version of Flyway and support has not been tested. The latest supported version of PostgreSQL is 15.
2025-07-13T02:06:46.858+01:00  INFO 204222 --- [ProductApp] [           main] o.f.core.internal.command.DbValidate     : Successfully validated 2 migrations (execution time 00:00.009s)
2025-07-13T02:06:46.885+01:00  INFO 204222 --- [ProductApp] [           main] o.f.core.internal.command.DbMigrate      : Current version of schema "public": 2
2025-07-13T02:06:46.886+01:00  INFO 204222 --- [ProductApp] [           main] o.f.core.internal.command.DbMigrate      : Schema "public" is up to date. No migration necessary.
2025-07-13T02:06:46.928+01:00  INFO 204222 --- [ProductApp] [           main] o.hibernate.jpa.internal.util.LogHelper  : HHH000204: Processing PersistenceUnitInfo [name: default]
2025-07-13T02:06:46.951+01:00  INFO 204222 --- [ProductApp] [           main] org.hibernate.Version                    : HHH000412: Hibernate ORM core version 6.4.4.Final
2025-07-13T02:06:46.965+01:00  INFO 204222 --- [ProductApp] [           main] o.h.c.internal.RegionFactoryInitiator    : HHH000026: Second-level cache disabled
2025-07-13T02:06:47.069+01:00  INFO 204222 --- [ProductApp] [           main] o.s.o.j.p.SpringPersistenceUnitInfo      : No LoadTimeWeaver setup: ignoring JPA class transformer
2025-07-13T02:06:47.456+01:00  INFO 204222 --- [ProductApp] [           main] o.h.e.t.j.p.i.JtaPlatformInitiator       : HHH000489: No JTA platform available (set 'hibernate.transaction.jta.platform' to enable JTA platform integration)
2025-07-13T02:06:47.457+01:00  INFO 204222 --- [ProductApp] [           main] j.LocalContainerEntityManagerFactoryBean : Initialized JPA EntityManagerFactory for persistence unit 'default'
2025-07-13T02:06:47.767+01:00  WARN 204222 --- [ProductApp] [           main] JpaBaseConfiguration$JpaWebConfiguration : spring.jpa.open-in-view is enabled by default. Therefore, database queries may be performed during view rendering. Explicitly configure spring.jpa.open-in-view to disable this warning
2025-07-13T02:06:47.777+01:00  INFO 204222 --- [ProductApp] [           main] o.s.b.a.w.s.WelcomePageHandlerMapping    : Adding welcome page template: index
2025-07-13T02:06:47.987+01:00  INFO 204222 --- [ProductApp] [           main] o.s.b.w.embedded.tomcat.TomcatWebServer  : Tomcat started on port 8080 (http) with context path ''
2025-07-13T02:06:47.992+01:00  INFO 204222 --- [ProductApp] [           main] c.e.productapp.ProductAppApplicationKt   : Started ProductAppApplicationKt in 2.161 seconds (process running for 2.305)
Hibernate: select p1_0.id,p1_0.is_favorite,p1_0.price,p1_0.title,p1_0.variant from products p1_0
Hibernate: delete from products where id=?
Hibernate: delete from products where id=?
Hibernate: delete from products where id=?
Hibernate: delete from products where id=?
Hibernate: delete from products where id=?
Hibernate: delete from products where id=?
Hibernate: delete from products where id=?
Hibernate: delete from products where id=?
Hibernate: delete from products where id=?
Hibernate: delete from products where id=?
Hibernate: delete from products where id=?
Hibernate: delete from products where id=?
Hibernate: delete from products where id=?
Hibernate: delete from products where id=?
Hibernate: delete from products where id=?
Hibernate: delete from products where id=?
Hibernate: delete from products where id=?
Hibernate: delete from products where id=?
Hibernate: delete from products where id=?
Hibernate: delete from products where id=?
Hibernate: delete from products where id=?
Hibernate: delete from products where id=?
Hibernate: delete from products where id=?
Hibernate: delete from products where id=?
Hibernate: delete from products where id=?
Hibernate: delete from products where id=?
Hibernate: delete from products where id=?
Hibernate: delete from products where id=?
Hibernate: delete from products where id=?
Hibernate: delete from products where id=?
Hibernate: insert into products (is_favorite,price,title,variant) values (?,?,?,?)
Hibernate: insert into products (is_favorite,price,title,variant) values (?,?,?,?)
Hibernate: insert into products (is_favorite,price,title,variant) values (?,?,?,?)
Hibernate: insert into products (is_favorite,price,title,variant) values (?,?,?,?)
Hibernate: insert into products (is_favorite,price,title,variant) values (?,?,?,?)
Hibernate: insert into products (is_favorite,price,title,variant) values (?,?,?,?)
Hibernate: insert into products (is_favorite,price,title,variant) values (?,?,?,?)
Hibernate: insert into products (is_favorite,price,title,variant) values (?,?,?,?)
Hibernate: insert into products (is_favorite,price,title,variant) values (?,?,?,?)
Hibernate: insert into products (is_favorite,price,title,variant) values (?,?,?,?)
Hibernate: insert into products (is_favorite,price,title,variant) values (?,?,?,?)
Hibernate: insert into products (is_favorite,price,title,variant) values (?,?,?,?)
Hibernate: insert into products (is_favorite,price,title,variant) values (?,?,?,?)
Hibernate: insert into products (is_favorite,price,title,variant) values (?,?,?,?)
Hibernate: insert into products (is_favorite,price,title,variant) values (?,?,?,?)
Hibernate: insert into products (is_favorite,price,title,variant) values (?,?,?,?)
Hibernate: insert into products (is_favorite,price,title,variant) values (?,?,?,?)
Hibernate: insert into products (is_favorite,price,title,variant) values (?,?,?,?)
Hibernate: insert into products (is_favorite,price,title,variant) values (?,?,?,?)
Hibernate: insert into products (is_favorite,price,title,variant) values (?,?,?,?)
Hibernate: insert into products (is_favorite,price,title,variant) values (?,?,?,?)
Hibernate: insert into products (is_favorite,price,title,variant) values (?,?,?,?)
Hibernate: insert into products (is_favorite,price,title,variant) values (?,?,?,?)
Hibernate: insert into products (is_favorite,price,title,variant) values (?,?,?,?)
Hibernate: insert into products (is_favorite,price,title,variant) values (?,?,?,?)
Hibernate: insert into products (is_favorite,price,title,variant) values (?,?,?,?)
Hibernate: insert into products (is_favorite,price,title,variant) values (?,?,?,?)
Hibernate: insert into products (is_favorite,price,title,variant) values (?,?,?,?)
Hibernate: insert into products (is_favorite,price,title,variant) values (?,?,?,?)
Hibernate: insert into products (is_favorite,price,title,variant) values (?,?,?,?)
✅ Imported 30 products (max 50 limit maintained).
2025-07-13T02:06:54.131+01:00  INFO 204222 --- [ProductApp] [nio-8080-exec-1] o.a.c.c.C.[Tomcat].[localhost].[/]       : Initializing Spring DispatcherServlet 'dispatcherServlet'
2025-07-13T02:06:54.131+01:00  INFO 204222 --- [ProductApp] [nio-8080-exec-1] o.s.web.servlet.DispatcherServlet        : Initializing Servlet 'dispatcherServlet'
2025-07-13T02:06:54.132+01:00  INFO 204222 --- [ProductApp] [nio-8080-exec-1] o.s.web.servlet.DispatcherServlet        : Completed initialization in 1 ms
Hibernate: select p1_0.id,p1_0.is_favorite,p1_0.price,p1_0.title,p1_0.variant from products p1_0
Hibernate: select p1_0.id,p1_0.is_favorite,p1_0.price,p1_0.title,p1_0.variant from products p1_0
Hibernate: select p1_0.id,p1_0.is_favorite,p1_0.price,p1_0.title,p1_0.variant from products p1_0
Hibernate: select p1_0.id,p1_0.is_favorite,p1_0.price,p1_0.title,p1_0.variant from products p1_0
Hibernate: select p1_0.id,p1_0.is_favorite,p1_0.price,p1_0.title,p1_0.variant from products p1_0
Hibernate: select p1_0.id,p1_0.is_favorite,p1_0.price,p1_0.title,p1_0.variant from products p1_0
Hibernate: select p1_0.id,p1_0.is_favorite,p1_0.price,p1_0.title,p1_0.variant from products p1_0
Hibernate: select p1_0.id,p1_0.is_favorite,p1_0.price,p1_0.title,p1_0.variant from products p1_0
Hibernate: select p1_0.id,p1_0.is_favorite,p1_0.price,p1_0.title,p1_0.variant from products p1_0
Hibernate: select p1_0.id,p1_0.is_favorite,p1_0.price,p1_0.title,p1_0.variant from products p1_0
